nohup: ignoring input
/p1-nemo/danilocs/SWSA-cyclones_energetic-analysis/src_life-cycle/export_density.py:24: DeprecationWarning: Please use `gaussian_filter` from the `scipy.ndimage` namespace, the `scipy.ndimage.filters` namespace is deprecated.
  from scipy.ndimage.filters import gaussian_filter
/p1-nemo/danilocs/SWSA-cyclones_energetic-analysis/src_life-cycle/export_periods.py:76: SettingWithCopyWarning: 
A value is trying to be set on a copy of a slice from a DataFrame.
Try using .loc[row_indexer,col_indexer] = value instead

See the caveats in the documentation: https://pandas.pydata.org/pandas-docs/stable/user_guide/indexing.html#returning-a-view-versus-a-copy
  tracks['date'] = pd.to_datetime(tracks['date'])
/p1-nemo/danilocs/SWSA-cyclones_energetic-analysis/src_life-cycle/export_periods.py:76: SettingWithCopyWarning: 
A value is trying to be set on a copy of a slice from a DataFrame.
Try using .loc[row_indexer,col_indexer] = value instead

See the caveats in the documentation: https://pandas.pydata.org/pandas-docs/stable/user_guide/indexing.html#returning-a-view-versus-a-copy
  tracks['date'] = pd.to_datetime(tracks['date'])
/p1-nemo/danilocs/SWSA-cyclones_energetic-analysis/src_life-cycle/export_periods.py:76: SettingWithCopyWarning: 
A value is trying to be set on a copy of a slice from a DataFrame.
Try using .loc[row_indexer,col_indexer] = value instead

See the caveats in the documentation: https://pandas.pydata.org/pandas-docs/stable/user_guide/indexing.html#returning-a-view-versus-a-copy
  tracks['date'] = pd.to_datetime(tracks['date'])
/p1-nemo/danilocs/SWSA-cyclones_energetic-analysis/src_life-cycle/export_periods.py:76: SettingWithCopyWarning: 
A value is trying to be set on a copy of a slice from a DataFrame.
Try using .loc[row_indexer,col_indexer] = value instead

See the caveats in the documentation: https://pandas.pydata.org/pandas-docs/stable/user_guide/indexing.html#returning-a-view-versus-a-copy
  tracks['date'] = pd.to_datetime(tracks['date'])
/p1-nemo/danilocs/SWSA-cyclones_energetic-analysis/src_life-cycle/export_periods.py:76: SettingWithCopyWarning: 
A value is trying to be set on a copy of a slice from a DataFrame.
Try using .loc[row_indexer,col_indexer] = value instead

See the caveats in the documentation: https://pandas.pydata.org/pandas-docs/stable/user_guide/indexing.html#returning-a-view-versus-a-copy
  tracks['date'] = pd.to_datetime(tracks['date'])
Initializing periods analysis for:  70W-48h
Merging tracks for RG: all and season: JJA
Number of cyclones for 70W-48h systems: 5776
Computing density for decay...
Computing density for intensification...
Computing density for mature...
Computing density for decay 2...
Computing density for incipient...
Computing density for intensification 2...
Computing density for mature 2...
Computing density for residual...
Wrote ../periods_species_statistics/70W-48h/track_density/track_density_JJA.nc
Merging tracks for RG: all and season: MAM
Number of cyclones for 70W-48h systems: 5093
Computing density for incipient...
Computing density for intensification...
Computing density for mature...
Computing density for decay...
Computing density for residual...
Computing density for intensification 2...
Computing density for mature 2...
Computing density for decay 2...
Computing density for incipient 2...
Wrote ../periods_species_statistics/70W-48h/track_density/track_density_MAM.nc
Merging tracks for RG: all and season: SON
Number of cyclones for 70W-48h systems: 5515
Computing density for incipient...
Computing density for intensification...
Computing density for mature...
Computing density for decay...
Computing density for residual...
Computing density for intensification 2...
Computing density for mature 2...
Computing density for decay 2...
Computing density for incipient 2...
Wrote ../periods_species_statistics/70W-48h/track_density/track_density_SON.nc
Merging tracks for RG: all and season: DJF
Number of cyclones for 70W-48h systems: 5124
Computing density for incipient...
Computing density for intensification...
Computing density for mature...
Computing density for decay...
Computing density for intensification 2...
Computing density for mature 2...
Computing density for decay 2...
Computing density for residual...
Computing density for incipient 2...
Wrote ../periods_species_statistics/70W-48h/track_density/track_density_DJF.nc
Merging tracks for RG: all
Number of cyclones for 70W-48h systems: 21508
Computing density for incipient...
Computing density for intensification...
Computing density for mature...
Computing density for decay...
Computing density for intensification 2...
Computing density for mature 2...
Computing density for decay 2...
Computing density for residual...
Computing density for incipient 2...
Wrote ../periods_species_statistics/70W-48h/track_density/track_density.nc
